<?xml version="1.0" encoding="UTF-8"?>
<!-- Generated by org.testng.reporters.JUnitXMLReporter -->
<testsuite ignored="0" hostname="DESKTOP-35HBDVU" failures="0" tests="6" name="Test1" time="0.03" errors="0" timestamp="19 Jul 2025 06:04:11 GMT">
  <testcase classname="com.app.testng.TestOne" name="test1" time="0.007"/>
  <testcase classname="com.app.testng.TestOne" name="test2" time="0.0"/>
  <testcase classname="com.app.testng.TestOne" name="test3" time="0.0"/>
  <testcase classname="com.app.testng.TestTwo" name="test4" time="0.002"/>
  <testcase classname="com.app.testng.TestTwo" name="test5" time="0.001"/>
  <testcase classname="com.app.testng.TestTwo" name="test6" time="0.001"/>
</testsuite> <!-- Test1 -->
